<?xml version="1.0" encoding="UTF-8"?>
<!-- Generated by org.testng.reporters.JUnitXMLReporter -->
<testsuite hostname="moe" ignored="0" name="Default test" tests="4" failures="0" timestamp="30 Jul 2018 21:15:42 GMT" time="0.048" errors="0">
  <testcase name="getMultipleEpisodeDownload" time="0.012" classname="se.tornroth.airdc.AirDCResourceTest"/>
  <testcase name="getSingleEpisodeDownload" time="0.002" classname="se.tornroth.airdc.AirDCResourceTest"/>
  <testcase name="requestIsMultipleEpisode" time="0.002" classname="se.tornroth.airdc.AirDCResourceTest"/>
  <testcase name="requestIsSingleEpisode" time="0.001" classname="se.tornroth.airdc.AirDCResourceTest"/>
</testsuite> <!-- Default test -->
