<?xml version="1.0" encoding="UTF-8"?>
<testng-results ignored="0" total="1" passed="1" failed="0" skipped="0">
  <reporter-output>
  </reporter-output>
  <suite started-at="2018-07-30T18:11:21Z" name="Default suite" finished-at="2018-07-30T18:11:21Z" duration-ms="42">
    <groups>
    </groups>
    <test started-at="2018-07-30T18:11:21Z" name="Default test" finished-at="2018-07-30T18:11:21Z" duration-ms="42">
      <class name="se.tornroth.airdc.AirDCResourceTest">
        <test-method signature="getSeriesDownload()[pri:0, instance:se.tornroth.airdc.AirDCResourceTest@c86b9e3]" started-at="2018-07-30T18:11:21Z" name="getSeriesDownload" finished-at="2018-07-30T18:11:21Z" duration-ms="12" status="PASS">
          <reporter-output>
          </reporter-output>
        </test-method> <!-- getSeriesDownload -->
      </class> <!-- se.tornroth.airdc.AirDCResourceTest -->
    </test> <!-- Default test -->
  </suite> <!-- Default suite -->
</testng-results>
